2022/04/28 | 00:59:13 - INFO - start of program - psvm - Main
2022/04/28 | 00:59:25 - INFO - logged in as professor (username: 54321) - connectListeners - gui.login.LoginMenu$2
2022/04/28 | 00:59:29 - INFO - professor opened the profile editor in the user profile - connectListeners - gui.main.ProfessorMenu$1
2022/04/28 | 00:59:31 - INFO - returned to the main menu - connectTemplateListeners - gui.Template$1
2022/04/28 | 00:59:32 - INFO - professor opened the courses list in educational services - connectListeners - gui.main.ProfessorMenu$2
2022/04/28 | 00:59:33 - INFO - returned to the main menu - connectTemplateListeners - gui.Template$1
2022/04/28 | 00:59:35 - INFO - professor opened weekly schedule in academic services - connectListeners - gui.main.ProfessorMenu$4
2022/04/28 | 00:59:37 - INFO - returned to the main menu - connectTemplateListeners - gui.Template$1
2022/04/28 | 00:59:37 - INFO - logged out - connectListeners - gui.main.MainMenu$1
2022/04/28 | 00:59:49 - ERROR - wrong captcha entered by user - connectListeners - gui.login.LoginMenu$2
2022/04/28 | 00:59:59 - ERROR - invalid login credentials - connectListeners - gui.login.LoginMenu$2
2022/04/28 | 01:00:01 - INFO - logged in as professor (username: 43210) - connectListeners - gui.login.LoginMenu$2
2022/04/28 | 01:00:04 - INFO - professor opened the courses list in educational services - connectListeners - gui.main.ProfessorMenu$2
2022/04/28 | 01:00:09 - INFO - filtered courses based on course id: 12341 - connectListeners - gui.enrolment.CoursesListView$1
2022/04/28 | 01:00:10 - INFO - filters were reset - connectListeners - gui.enrolment.CoursesListView$4
2022/04/28 | 01:00:12 - INFO - returned to the main menu - connectTemplateListeners - gui.Template$1
2022/04/28 | 01:00:14 - INFO - professor opened the professors list in educational services - connectListeners - gui.main.ProfessorMenu$3
2022/04/28 | 01:00:15 - INFO - returned to the main menu - connectTemplateListeners - gui.Template$1
2022/04/28 | 01:00:16 - INFO - professor opened the courses list in educational services - connectListeners - gui.main.ProfessorMenu$2
2022/04/28 | 01:00:17 - INFO - deputy opened courses list editor - connectEditorListener - gui.enrolment.CoursesListManager$1
2022/04/28 | 01:00:18 - INFO - went back to courses list view - connectListeners - gui.enrolment.CoursesListEditor$1
2022/04/28 | 01:00:19 - INFO - returned to the main menu - connectTemplateListeners - gui.Template$1
2022/04/28 | 01:00:21 - INFO - logged out - connectListeners - gui.main.MainMenu$1
2022/04/28 | 01:00:29 - INFO - logged in as professor (username: 12345) - connectListeners - gui.login.LoginMenu$2
2022/04/28 | 01:00:32 - INFO - professor opened the profile editor in the user profile - connectListeners - gui.main.ProfessorMenu$1
2022/04/28 | 01:01:21 - INFO - returned to the main menu - connectTemplateListeners - gui.Template$1
2022/04/28 | 01:01:23 - INFO - professor opened list of exams in academic services - connectListeners - gui.main.ProfessorMenu$5
2022/04/28 | 01:01:24 - INFO - returned to the main menu - connectTemplateListeners - gui.Template$1
2022/04/28 | 01:01:25 - INFO - logged out - connectListeners - gui.main.MainMenu$1
2022/04/28 | 01:01:44 - INFO - logged in as student (username: 54092) - connectListeners - gui.login.LoginMenu$2
2022/04/28 | 01:01:48 - INFO - student opened the enrolment certificate subsection in academic requests - connectListeners - gui.main.StudentMenu$9
2022/04/28 | 01:01:49 - INFO - received an enrolment certificate - connectListeners - gui.services.requests.submission.CertificateSubmission$1
2022/04/28 | 01:01:51 - INFO - returned to the main menu - connectTemplateListeners - gui.Template$1
2022/04/28 | 01:01:59 - INFO - logged out - connectListeners - gui.main.MainMenu$1
2022/04/28 | 01:02:03 - INFO - updated json databases - updateDatabase - utils.database.tools.DatabaseWriter
2022/04/28 | 01:02:03 - INFO - end of program - connectToDatabase - gui.MainFrame$1
