2022/04/22 | 13:41:33 - INFO - wrong captcha entered by user - connectListeners - gui.login.LoginMenu$2
2022/04/22 | 14:42:25 - INFO - invalid login credentials - connectListeners - gui.login.LoginMenu$2
2022/04/22 | 14:42:33 - INFO - invalid login credentials - connectListeners - gui.login.LoginMenu$2
2022/04/22 | 14:45:24 - INFO - invalid login credentials - connectListeners - gui.login.LoginMenu$2
2022/04/22 | 15:37:29 - INFO - start of program - psvm - Main
2022/04/22 | 15:37:49 - INFO - logged in as student - connectListeners - gui.login.LoginMenu$2
2022/04/22 | 15:38:59 - INFO - start of program - psvm - Main
2022/04/22 | 15:39:15 - INFO - logged in as student - connectListeners - gui.login.LoginMenu$2
2022/04/22 | 15:40:27 - INFO - start of program - psvm - Main
2022/04/22 | 15:40:43 - INFO - logged in as student - connectListeners - gui.login.LoginMenu$2
2022/04/22 | 15:42:51 - INFO - start of program - psvm - Main
2022/04/22 | 15:43:10 - INFO - logged in as student - connectListeners - gui.login.LoginMenu$2
2022/04/22 | 15:44:17 - INFO - start of program - psvm - Main
2022/04/22 | 15:44:30 - INFO - logged in as student - connectListeners - gui.login.LoginMenu$2
2022/04/22 | 15:45:42 - INFO - start of program - psvm - Main
2022/04/22 | 15:46:27 - INFO - start of program - psvm - Main
2022/04/22 | 15:46:38 - INFO - logged in as student - connectListeners - gui.login.LoginMenu$2
2022/04/22 | 15:47:18 - INFO - start of program - psvm - Main
2022/04/22 | 15:47:30 - INFO - logged in as student - connectListeners - gui.login.LoginMenu$2
2022/04/22 | 15:48:15 - INFO - start of program - psvm - Main
2022/04/22 | 15:48:25 - INFO - start of program - psvm - Main
2022/04/22 | 15:52:22 - INFO - start of program - psvm - Main
2022/04/22 | 15:53:47 - INFO - start of program - psvm - Main
2022/04/22 | 15:53:58 - INFO - start of program - psvm - Main
2022/04/22 | 15:54:07 - INFO - logged in as student - connectListeners - gui.login.LoginMenu$2
2022/04/22 | 15:54:11 - INFO - updated json databases - connectToDatabase - gui.MainFrame$1
2022/04/22 | 15:54:11 - INFO - end of program - connectToDatabase - gui.MainFrame$1
2022/04/22 | 16:40:07 - INFO - start of program - psvm - Main
2022/04/22 | 16:40:23 - INFO - invalid login credentials - connectListeners - gui.login.LoginMenu$2
2022/04/22 | 16:40:45 - INFO - logged in as student - connectListeners - gui.login.LoginMenu$2
2022/04/22 | 16:40:53 - INFO - updated json databases - connectToDatabase - gui.MainFrame$1
2022/04/22 | 16:40:53 - INFO - end of program - connectToDatabase - gui.MainFrame$1
2022/04/22 | 16:41:36 - INFO - start of program - psvm - Main
2022/04/22 | 16:42:34 - INFO - start of program - psvm - Main
2022/04/22 | 16:42:44 - INFO - logged in as student - connectListeners - gui.login.LoginMenu$2
2022/04/22 | 16:42:48 - INFO - updated json databases - connectToDatabase - gui.MainFrame$1
2022/04/22 | 16:42:48 - INFO - end of program - connectToDatabase - gui.MainFrame$1
2022/04/22 | 16:43:26 - INFO - start of program - psvm - Main
2022/04/22 | 16:43:31 - INFO - logged in as student - connectListeners - gui.login.LoginMenu$2
2022/04/22 | 16:43:34 - INFO - updated json databases - connectToDatabase - gui.MainFrame$1
2022/04/22 | 16:43:34 - INFO - end of program - connectToDatabase - gui.MainFrame$1
2022/04/22 | 16:44:40 - INFO - start of program - psvm - Main
2022/04/22 | 16:44:46 - INFO - logged in as student - connectListeners - gui.login.LoginMenu$2
2022/04/22 | 16:44:49 - INFO - updated json databases - connectToDatabase - gui.MainFrame$1
2022/04/22 | 16:44:49 - INFO - end of program - connectToDatabase - gui.MainFrame$1
2022/04/22 | 16:45:20 - INFO - start of program - psvm - Main
2022/04/22 | 16:45:25 - INFO - logged in as student - connectListeners - gui.login.LoginMenu$2
2022/04/22 | 16:45:28 - INFO - updated json databases - connectToDatabase - gui.MainFrame$1
2022/04/22 | 16:45:28 - INFO - end of program - connectToDatabase - gui.MainFrame$1
2022/04/22 | 16:45:47 - INFO - start of program - psvm - Main
2022/04/22 | 16:45:52 - INFO - logged in as student - connectListeners - gui.login.LoginMenu$2
2022/04/22 | 16:46:20 - INFO - start of program - psvm - Main
2022/04/22 | 16:46:25 - INFO - logged in as student - connectListeners - gui.login.LoginMenu$2
2022/04/22 | 16:46:28 - INFO - updated json databases - connectToDatabase - gui.MainFrame$1
2022/04/22 | 16:46:28 - INFO - end of program - connectToDatabase - gui.MainFrame$1
2022/04/22 | 16:46:57 - INFO - start of program - psvm - Main
2022/04/22 | 16:47:02 - INFO - logged in as student - connectListeners - gui.login.LoginMenu$2
2022/04/22 | 16:47:06 - INFO - updated json databases - connectToDatabase - gui.MainFrame$1
2022/04/22 | 16:47:06 - INFO - end of program - connectToDatabase - gui.MainFrame$1
2022/04/22 | 16:47:15 - INFO - start of program - psvm - Main
2022/04/22 | 16:47:19 - INFO - logged in as student - connectListeners - gui.login.LoginMenu$2
2022/04/22 | 16:47:22 - INFO - updated json databases - connectToDatabase - gui.MainFrame$1
2022/04/22 | 16:47:22 - INFO - end of program - connectToDatabase - gui.MainFrame$1
2022/04/22 | 16:47:41 - INFO - start of program - psvm - Main
2022/04/22 | 16:47:47 - INFO - logged in as student - connectListeners - gui.login.LoginMenu$2
2022/04/22 | 16:49:05 - INFO - start of program - psvm - Main
2022/04/22 | 16:49:10 - INFO - logged in as student - connectListeners - gui.login.LoginMenu$2
2022/04/22 | 16:49:58 - INFO - start of program - psvm - Main
2022/04/22 | 16:50:04 - INFO - logged in as student - connectListeners - gui.login.LoginMenu$2
2022/04/22 | 16:50:59 - INFO - start of program - psvm - Main
2022/04/22 | 16:51:04 - INFO - logged in as student - connectListeners - gui.login.LoginMenu$2
2022/04/22 | 16:51:11 - INFO - updated json databases - connectToDatabase - gui.MainFrame$1
2022/04/22 | 16:51:11 - INFO - end of program - connectToDatabase - gui.MainFrame$1
2022/04/22 | 16:51:22 - INFO - start of program - psvm - Main
2022/04/22 | 16:52:52 - INFO - start of program - psvm - Main
2022/04/22 | 16:52:56 - INFO - logged in as student - connectListeners - gui.login.LoginMenu$2
2022/04/22 | 16:53:22 - INFO - start of program - psvm - Main
2022/04/22 | 16:53:27 - INFO - logged in as student - connectListeners - gui.login.LoginMenu$2
2022/04/22 | 16:53:38 - INFO - updated json databases - connectToDatabase - gui.MainFrame$1
2022/04/22 | 16:53:38 - INFO - end of program - connectToDatabase - gui.MainFrame$1
2022/04/22 | 16:58:09 - INFO - start of program - psvm - Main
2022/04/22 | 16:58:13 - INFO - logged in as student - connectListeners - gui.login.LoginMenu$2
2022/04/22 | 16:58:22 - INFO - updated json databases - connectToDatabase - gui.MainFrame$1
2022/04/22 | 16:58:22 - INFO - end of program - connectToDatabase - gui.MainFrame$1
2022/04/22 | 16:59:24 - INFO - start of program - psvm - Main
2022/04/22 | 16:59:58 - INFO - start of program - psvm - Main
2022/04/22 | 17:00:06 - INFO - logged in as student - connectListeners - gui.login.LoginMenu$2
2022/04/22 | 17:00:27 - INFO - updated json databases - connectToDatabase - gui.MainFrame$1
2022/04/22 | 17:00:27 - INFO - end of program - connectToDatabase - gui.MainFrame$1
2022/04/22 | 17:01:02 - INFO - start of program - psvm - Main
2022/04/22 | 17:01:07 - INFO - logged in as student - connectListeners - gui.login.LoginMenu$2
2022/04/22 | 17:02:31 - INFO - start of program - psvm - Main
2022/04/22 | 17:02:36 - INFO - logged in as student - connectListeners - gui.login.LoginMenu$2
2022/04/22 | 17:02:47 - INFO - updated json databases - connectToDatabase - gui.MainFrame$1
2022/04/22 | 17:02:47 - INFO - end of program - connectToDatabase - gui.MainFrame$1
2022/04/22 | 17:08:31 - INFO - start of program - psvm - Main
2022/04/22 | 17:08:36 - INFO - logged in as student - connectListeners - gui.login.LoginMenu$2
2022/04/22 | 17:08:39 - INFO - updated json databases - connectToDatabase - gui.MainFrame$1
2022/04/22 | 17:08:39 - INFO - end of program - connectToDatabase - gui.MainFrame$1
2022/04/22 | 17:09:50 - INFO - start of program - psvm - Main
2022/04/22 | 17:09:55 - INFO - logged in as student - connectListeners - gui.login.LoginMenu$2
2022/04/22 | 17:10:00 - INFO - updated json databases - connectToDatabase - gui.MainFrame$1
2022/04/22 | 17:10:00 - INFO - end of program - connectToDatabase - gui.MainFrame$1
2022/04/22 | 17:12:43 - INFO - start of program - psvm - Main
2022/04/22 | 17:12:48 - INFO - logged in as student - connectListeners - gui.login.LoginMenu$2
2022/04/22 | 17:12:57 - INFO - wrong captcha entered by user - connectListeners - gui.login.LoginMenu$2
2022/04/22 | 17:13:05 - INFO - logged in as student - connectListeners - gui.login.LoginMenu$2
2022/04/22 | 17:13:16 - INFO - updated json databases - connectToDatabase - gui.MainFrame$1
2022/04/22 | 17:13:16 - INFO - end of program - connectToDatabase - gui.MainFrame$1
2022/04/22 | 17:27:51 - INFO - start of program - psvm - Main
2022/04/22 | 17:27:57 - INFO - logged in as student - connectListeners - gui.login.LoginMenu$2
2022/04/22 | 17:28:13 - INFO - updated json databases - connectToDatabase - gui.MainFrame$1
2022/04/22 | 17:28:13 - INFO - end of program - connectToDatabase - gui.MainFrame$1
2022/04/22 | 17:28:45 - INFO - start of program - psvm - Main
2022/04/22 | 17:28:50 - INFO - logged in as student - connectListeners - gui.login.LoginMenu$2
2022/04/22 | 17:30:16 - INFO - start of program - psvm - Main
2022/04/22 | 17:30:21 - INFO - logged in as student - connectListeners - gui.login.LoginMenu$2
2022/04/22 | 17:30:30 - INFO - updated json databases - connectToDatabase - gui.MainFrame$1
2022/04/22 | 17:30:30 - INFO - end of program - connectToDatabase - gui.MainFrame$1
2022/04/22 | 17:31:42 - INFO - start of program - psvm - Main
2022/04/22 | 17:31:46 - INFO - logged in as student - connectListeners - gui.login.LoginMenu$2
2022/04/22 | 17:31:51 - INFO - updated json databases - connectToDatabase - gui.MainFrame$1
2022/04/22 | 17:31:51 - INFO - end of program - connectToDatabase - gui.MainFrame$1
2022/04/22 | 17:32:12 - INFO - start of program - psvm - Main
2022/04/22 | 17:32:17 - INFO - logged in as student - connectListeners - gui.login.LoginMenu$2
2022/04/22 | 17:32:31 - INFO - updated json databases - connectToDatabase - gui.MainFrame$1
2022/04/22 | 17:32:31 - INFO - end of program - connectToDatabase - gui.MainFrame$1
2022/04/22 | 17:32:45 - INFO - start of program - psvm - Main
2022/04/22 | 17:32:50 - INFO - logged in as student - connectListeners - gui.login.LoginMenu$2
2022/04/22 | 17:34:11 - INFO - updated json databases - connectToDatabase - gui.MainFrame$1
2022/04/22 | 17:34:12 - INFO - end of program - connectToDatabase - gui.MainFrame$1
2022/04/22 | 17:34:12 - INFO - updated json databases - connectToDatabase - gui.MainFrame$1
2022/04/22 | 17:34:12 - INFO - end of program - connectToDatabase - gui.MainFrame$1
2022/04/22 | 17:34:18 - INFO - start of program - psvm - Main
2022/04/22 | 17:34:33 - INFO - logged in as student - connectListeners - gui.login.LoginMenu$2
2022/04/22 | 17:34:36 - INFO - updated json databases - connectToDatabase - gui.MainFrame$1
2022/04/22 | 17:34:36 - INFO - end of program - connectToDatabase - gui.MainFrame$1
2022/04/22 | 17:34:54 - INFO - start of program - psvm - Main
2022/04/22 | 17:34:59 - INFO - logged in as student - connectListeners - gui.login.LoginMenu$2
2022/04/22 | 17:35:07 - INFO - updated json databases - connectToDatabase - gui.MainFrame$1
2022/04/22 | 17:35:07 - INFO - end of program - connectToDatabase - gui.MainFrame$1
2022/04/22 | 17:36:28 - INFO - start of program - psvm - Main
2022/04/22 | 17:36:33 - INFO - logged in as student - connectListeners - gui.login.LoginMenu$2
2022/04/22 | 17:36:35 - INFO - updated json databases - connectToDatabase - gui.MainFrame$1
2022/04/22 | 17:36:35 - INFO - end of program - connectToDatabase - gui.MainFrame$1
2022/04/22 | 17:37:21 - INFO - start of program - psvm - Main
2022/04/22 | 17:37:26 - INFO - logged in as student - connectListeners - gui.login.LoginMenu$2
2022/04/22 | 17:41:11 - INFO - start of program - psvm - Main
2022/04/22 | 17:41:15 - INFO - logged in as student - connectListeners - gui.login.LoginMenu$2
2022/04/22 | 17:41:18 - INFO - updated json databases - connectToDatabase - gui.MainFrame$1
2022/04/22 | 17:41:18 - INFO - end of program - connectToDatabase - gui.MainFrame$1
2022/04/22 | 17:41:31 - INFO - start of program - psvm - Main
2022/04/22 | 17:41:36 - INFO - logged in as student - connectListeners - gui.login.LoginMenu$2
2022/04/22 | 17:42:55 - INFO - start of program - psvm - Main
2022/04/22 | 17:43:02 - INFO - logged in as student - connectListeners - gui.login.LoginMenu$2
2022/04/22 | 17:43:15 - INFO - updated json databases - connectToDatabase - gui.MainFrame$1
2022/04/22 | 17:43:15 - INFO - end of program - connectToDatabase - gui.MainFrame$1
2022/04/22 | 17:43:38 - INFO - start of program - psvm - Main
2022/04/22 | 17:43:43 - INFO - logged in as student - connectListeners - gui.login.LoginMenu$2
2022/04/22 | 17:44:02 - INFO - updated json databases - connectToDatabase - gui.MainFrame$1
2022/04/22 | 17:44:02 - INFO - end of program - connectToDatabase - gui.MainFrame$1
2022/04/22 | 17:48:48 - INFO - start of program - psvm - Main
2022/04/22 | 17:48:53 - INFO - logged in as student - connectListeners - gui.login.LoginMenu$2
2022/04/22 | 17:51:11 - INFO - start of program - psvm - Main
2022/04/22 | 17:51:16 - INFO - logged in as student - connectListeners - gui.login.LoginMenu$2
2022/04/22 | 17:51:27 - INFO - updated json databases - connectToDatabase - gui.MainFrame$1
2022/04/22 | 17:51:27 - INFO - end of program - connectToDatabase - gui.MainFrame$1
2022/04/22 | 17:57:26 - INFO - start of program - psvm - Main
2022/04/22 | 17:57:31 - INFO - logged in as student - connectListeners - gui.login.LoginMenu$2
2022/04/22 | 17:57:38 - INFO - updated json databases - connectToDatabase - gui.MainFrame$1
2022/04/22 | 17:57:38 - INFO - end of program - connectToDatabase - gui.MainFrame$1
2022/04/22 | 17:57:49 - INFO - start of program - psvm - Main
2022/04/22 | 17:57:53 - INFO - logged in as student - connectListeners - gui.login.LoginMenu$2
2022/04/22 | 17:58:03 - INFO - updated json databases - connectToDatabase - gui.MainFrame$1
2022/04/22 | 17:58:03 - INFO - end of program - connectToDatabase - gui.MainFrame$1
2022/04/22 | 17:58:12 - INFO - start of program - psvm - Main
2022/04/22 | 17:58:16 - INFO - logged in as student - connectListeners - gui.login.LoginMenu$2
2022/04/22 | 17:58:20 - INFO - updated json databases - connectToDatabase - gui.MainFrame$1
2022/04/22 | 17:58:20 - INFO - end of program - connectToDatabase - gui.MainFrame$1
2022/04/22 | 18:01:33 - INFO - start of program - psvm - Main
